<?xml version="1.0" encoding="UTF-8"?>
<!-- Generated by org.testng.reporters.JUnitReportReporter -->
<testsuite hostname="DESKTOP-8933E9J" failures="0" tests="3" name="test.basic4" time="0.005" errors="0" timestamp="2020-11-27T14:03:00 MEZ" skipped="0">
  <testcase classname="test.basic4" name="LoginAPIHomeLoan" time="0.001"/>
  <testcase classname="test.basic4" name="WebLoginHomeLoan" time="0.003"/>
  <testcase classname="test.basic4" name="MobileLoginHomeLoan" time="0.001"/>
</testsuite> <!-- test.basic4 -->
