<?xml version="1.0" encoding="UTF-8"?>
<!-- Generated by org.testng.reporters.JUnitReportReporter -->
<testsuite hostname="DESKTOP-8933E9J" failures="0" tests="2" name="test.basic" time="0.011" errors="0" timestamp="2020-11-23T23:17:18 MEZ" skipped="0">
  <testcase classname="test.basic" name="Demo2" time="0.002"/>
  <testcase classname="test.basic" name="Demo1" time="0.009"/>
</testsuite> <!-- test.basic -->
