<?xml version="1.0" encoding="UTF-8"?>
<!-- Generated by org.testng.reporters.JUnitReportReporter -->
<testsuite skipped="0" hostname="DESKTOP-8933E9J" name="test.basic2" tests="1" failures="0" timestamp="2021-11-17T17:51:09 MEZ" time="0.000" errors="0">
  <testcase name="Demo3" time="0.000" classname="test.basic2"/>
  <system-out/>
</testsuite> <!-- test.basic2 -->
